<?xml version="1.0" encoding="UTF-8"?>
<!-- Generated by org.testng.reporters.JUnitXMLReporter -->
<testsuite hostname="Dragon" name="Test Suite" tests="10" failures="1" timestamp="12 Feb 2016 17:53:56 GMT" time="49.157" errors="0">
  <testcase name="" time="2.129" classname="com.example.selenium.spree.ShoppingSpreeTests"/>
  <testcase name="" time="0.001" classname="com.example.selenium.spree.ShoppingSpreeTests"/>
  <testcase name="" time="0.779" classname="com.example.selenium.spree.ShoppingSpreeTests"/>
  <testcase name="" time="1.259" classname="com.example.selenium.spree.ShoppingSpreeTests"/>
  <testcase name="" time="2.27" classname="com.example.selenium.spree.ShoppingSpreeTests"/>
  <testcase name="" time="1.109" classname="com.example.selenium.spree.ShoppingSpreeTests"/>
  <testcase name="" time="1.14" classname="com.example.selenium.spree.ShoppingSpreeTests"/>
  <testcase name="" time="0.93" classname="com.example.selenium.spree.ShoppingSpreeTests"/>
  <testcase name="" time="1.643" classname="com.example.selenium.spree.ShoppingSpreeTests"/>
  <testcase name="" time="2.617" classname="com.example.selenium.spree.ShoppingSpreeTests">
    <failure type="java.lang.AssertionError" message="expected [true] but found [false]">
      <![CDATA[java.lang.AssertionError: expected [true] but found [false]
	at org.testng.Assert.fail(Assert.java:94)
	at org.testng.Assert.failNotEquals(Assert.java:513)
	at org.testng.Assert.assertTrue(Assert.java:42)
	at org.testng.Assert.assertTrue(Assert.java:52)
	at com.example.selenium.spree.ShoppingSpreeTests.testSearchSpree(ShoppingSpreeTests.java:192)
	at sun.reflect.NativeMethodAccessorImpl.invoke0(Native Method)
	at sun.reflect.NativeMethodAccessorImpl.invoke(Unknown Source)
	at sun.reflect.DelegatingMethodAccessorImpl.invoke(Unknown Source)
	at java.lang.reflect.Method.invoke(Unknown Source)
	at org.testng.internal.MethodInvocationHelper.invokeMethod(MethodInvocationHelper.java:86)
	at org.testng.internal.Invoker.invokeMethod(Invoker.java:643)
	at org.testng.internal.Invoker.invokeTestMethod(Invoker.java:820)
	at org.testng.internal.Invoker.invokeTestMethods(Invoker.java:1128)
	at org.testng.internal.TestMethodWorker.invokeTestMethods(TestMethodWorker.java:129)
	at org.testng.internal.TestMethodWorker.run(TestMethodWorker.java:112)
	at org.testng.TestRunner.privateRun(TestRunner.java:782)
	at org.testng.TestRunner.run(TestRunner.java:632)
	at org.testng.SuiteRunner.runTest(SuiteRunner.java:366)
	at org.testng.SuiteRunner.runSequentially(SuiteRunner.java:361)
	at org.testng.SuiteRunner.privateRun(SuiteRunner.java:319)
	at org.testng.SuiteRunner.run(SuiteRunner.java:268)
	at org.testng.SuiteRunnerWorker.runSuite(SuiteRunnerWorker.java:52)
	at org.testng.SuiteRunnerWorker.run(SuiteRunnerWorker.java:86)
	at org.testng.TestNG.runSuitesSequentially(TestNG.java:1244)
	at org.testng.TestNG.runSuitesLocally(TestNG.java:1169)
	at org.testng.TestNG.run(TestNG.java:1064)
	at org.testng.remote.RemoteTestNG.run(RemoteTestNG.java:113)
	at org.testng.remote.RemoteTestNG.initAndRun(RemoteTestNG.java:206)
	at org.testng.remote.RemoteTestNG.main(RemoteTestNG.java:177)
]]>
    </failure>
  </testcase> <!--  -->
</testsuite> <!-- Test Suite -->
