<?xml version="1.0" encoding="UTF-8"?>
<!-- Generated by org.testng.reporters.JUnitXMLReporter -->
<testsuite hostname="Dragon" name="Default test" tests="30" failures="0" timestamp="13 Feb 2016 02:25:38 GMT" time="121.186" errors="0">
  <testcase name="" time="3.533" classname="com.example.selenium.spree.ShoppingSpreeTests"/>
  <testcase name="" time="2.896" classname="com.example.selenium.spree.ShoppingSpreeTests"/>
  <testcase name="" time="2.576" classname="com.example.selenium.spree.ShoppingSpreeTests"/>
  <testcase name="" time="1.979" classname="com.example.selenium.spree.ShoppingSpreeTests"/>
  <testcase name="" time="1.806" classname="com.example.selenium.spree.ShoppingSpreeTests"/>
  <testcase name="" time="0.982" classname="com.example.selenium.spree.ShoppingSpreeTests"/>
  <testcase name="" time="2.422" classname="com.example.selenium.spree.ShoppingSpreeTests"/>
  <testcase name="" time="2.367" classname="com.example.selenium.spree.ShoppingSpreeTests"/>
  <testcase name="" time="2.324" classname="com.example.selenium.spree.ShoppingSpreeTests"/>
  <testcase name="" time="2.802" classname="com.example.selenium.spree.ShoppingSpreeTests"/>
  <testcase name="" time="2.594" classname="com.example.selenium.spree.ShoppingSpreeTests"/>
  <testcase name="" time="2.191" classname="com.example.selenium.spree.ShoppingSpreeTests"/>
  <testcase name="" time="2.697" classname="com.example.selenium.spree.ShoppingSpreeTests"/>
  <testcase name="" time="3.5" classname="com.example.selenium.spree.ShoppingSpreeTests"/>
  <testcase name="" time="2.927" classname="com.example.selenium.spree.ShoppingSpreeTests"/>
  <testcase name="" time="2.415" classname="com.example.selenium.spree.ShoppingSpreeTests"/>
  <testcase name="" time="2.411" classname="com.example.selenium.spree.ShoppingSpreeTests"/>
  <testcase name="" time="2.107" classname="com.example.selenium.spree.ShoppingSpreeTests"/>
  <testcase name="" time="2.44" classname="com.example.selenium.spree.ShoppingSpreeTests"/>
  <testcase name="" time="2.442" classname="com.example.selenium.spree.ShoppingSpreeTests"/>
  <testcase name="" time="2.127" classname="com.example.selenium.spree.ShoppingSpreeTests"/>
  <testcase name="" time="2.421" classname="com.example.selenium.spree.ShoppingSpreeTests"/>
  <testcase name="" time="2.432" classname="com.example.selenium.spree.ShoppingSpreeTests"/>
  <testcase name="" time="2.228" classname="com.example.selenium.spree.ShoppingSpreeTests"/>
  <testcase name="" time="3.258" classname="com.example.selenium.spree.ShoppingSpreeTests"/>
  <testcase name="" time="2.711" classname="com.example.selenium.spree.ShoppingSpreeTests"/>
  <testcase name="" time="2.386" classname="com.example.selenium.spree.ShoppingSpreeTests"/>
  <testcase name="" time="11.012" classname="com.example.selenium.spree.ShoppingSpreeTests"/>
  <testcase name="" time="8.149" classname="com.example.selenium.spree.ShoppingSpreeTests"/>
  <testcase name="" time="7.806" classname="com.example.selenium.spree.ShoppingSpreeTests"/>
</testsuite> <!-- Default test -->
