<?xml version="1.0" encoding="UTF-8"?>
<!-- Generated by org.testng.reporters.JUnitXMLReporter -->
<testsuite hostname="Dragon" name="Default test" tests="9" failures="0" timestamp="13 Feb 2016 00:30:37 GMT" time="26.393" errors="0">
  <testcase name="" time="0.694" classname="com.example.selenium.spree.ShoppingSpreeTests"/>
  <testcase name="" time="0.544" classname="com.example.selenium.spree.ShoppingSpreeTests"/>
  <testcase name="" time="1.457" classname="com.example.selenium.spree.ShoppingSpreeTests"/>
  <testcase name="" time="1.276" classname="com.example.selenium.spree.ShoppingSpreeTests"/>
  <testcase name="" time="0.001" classname="com.example.selenium.spree.ShoppingSpreeTests"/>
  <testcase name="" time="1.473" classname="com.example.selenium.spree.ShoppingSpreeTests"/>
  <testcase name="" time="0.615" classname="com.example.selenium.spree.ShoppingSpreeTests"/>
  <testcase name="" time="1.004" classname="com.example.selenium.spree.ShoppingSpreeTests"/>
  <testcase name="" time="0.502" classname="com.example.selenium.spree.ShoppingSpreeTests"/>
</testsuite> <!-- Default test -->
