<?xml version="1.0" encoding="UTF-8"?>
<testng-results skipped="0" failed="0" total="30" passed="30">
  <reporter-output>
  </reporter-output>
  <suite name="Default suite" duration-ms="121186" started-at="2016-02-13T02:23:37Z" finished-at="2016-02-13T02:25:38Z">
    <groups>
    </groups>
    <test name="Default test" duration-ms="121186" started-at="2016-02-13T02:23:37Z" finished-at="2016-02-13T02:25:38Z">
      <class name="com.example.selenium.spree.ShoppingSpreeTests">
        <test-method status="PASS" signature="testBackAndForth(com.example.selenium.spree.DriverType)[pri:0, instance:com.example.selenium.spree.ShoppingSpreeTests@7fac631b]" test-instance-name="" name="testBackAndForth" duration-ms="3533" started-at="2016-02-12T21:23:37Z" finished-at="2016-02-12T21:23:40Z">
          <params>
            <param index="0">
              <value>
                <![CDATA[IE]]>
              </value>
            </param>
          </params>
          <reporter-output>
          </reporter-output>
        </test-method> <!-- testBackAndForth -->
        <test-method status="PASS" signature="afterMethod(org.testng.ITestResult)[pri:0, instance:com.example.selenium.spree.ShoppingSpreeTests@7fac631b]" test-instance-name="" name="afterMethod" is-config="true" duration-ms="1757" started-at="2016-02-12T21:23:40Z" finished-at="2016-02-12T21:23:42Z">
          <params>
            <param index="0">
              <value>
                <![CDATA[[TestResult name="" status=SUCCESS method=ShoppingSpreeTests.testBackAndForth(com.example.selenium.spree.DriverType)[pri:0, instance:com.example.selenium.spree.ShoppingSpreeTests@7fac631b] output={null}]]]>
              </value>
            </param>
          </params>
          <reporter-output>
          </reporter-output>
        </test-method> <!-- afterMethod -->
        <test-method status="PASS" signature="testBackAndForth(com.example.selenium.spree.DriverType)[pri:0, instance:com.example.selenium.spree.ShoppingSpreeTests@7fac631b]" test-instance-name="" name="testBackAndForth" duration-ms="2896" started-at="2016-02-12T21:23:42Z" finished-at="2016-02-12T21:23:45Z">
          <params>
            <param index="0">
              <value>
                <![CDATA[Firefox]]>
              </value>
            </param>
          </params>
          <reporter-output>
          </reporter-output>
        </test-method> <!-- testBackAndForth -->
        <test-method status="PASS" signature="afterMethod(org.testng.ITestResult)[pri:0, instance:com.example.selenium.spree.ShoppingSpreeTests@7fac631b]" test-instance-name="" name="afterMethod" is-config="true" duration-ms="326" started-at="2016-02-12T21:23:45Z" finished-at="2016-02-12T21:23:45Z">
          <params>
            <param index="0">
              <value>
                <![CDATA[[TestResult name="" status=SUCCESS method=ShoppingSpreeTests.testBackAndForth(com.example.selenium.spree.DriverType)[pri:0, instance:com.example.selenium.spree.ShoppingSpreeTests@7fac631b] output={null}]]]>
              </value>
            </param>
          </params>
          <reporter-output>
          </reporter-output>
        </test-method> <!-- afterMethod -->
        <test-method status="PASS" signature="testBackAndForth(com.example.selenium.spree.DriverType)[pri:0, instance:com.example.selenium.spree.ShoppingSpreeTests@7fac631b]" test-instance-name="" name="testBackAndForth" duration-ms="2576" started-at="2016-02-12T21:23:45Z" finished-at="2016-02-12T21:23:48Z">
          <params>
            <param index="0">
              <value>
                <![CDATA[Chrome]]>
              </value>
            </param>
          </params>
          <reporter-output>
          </reporter-output>
        </test-method> <!-- testBackAndForth -->
        <test-method status="PASS" signature="afterMethod(org.testng.ITestResult)[pri:0, instance:com.example.selenium.spree.ShoppingSpreeTests@7fac631b]" test-instance-name="" name="afterMethod" is-config="true" duration-ms="863" started-at="2016-02-12T21:23:48Z" finished-at="2016-02-12T21:23:49Z">
          <params>
            <param index="0">
              <value>
                <![CDATA[[TestResult name="" status=SUCCESS method=ShoppingSpreeTests.testBackAndForth(com.example.selenium.spree.DriverType)[pri:0, instance:com.example.selenium.spree.ShoppingSpreeTests@7fac631b] output={null}]]]>
              </value>
            </param>
          </params>
          <reporter-output>
          </reporter-output>
        </test-method> <!-- afterMethod -->
        <test-method status="PASS" signature="testCapabilities(com.example.selenium.spree.DriverType)[pri:0, instance:com.example.selenium.spree.ShoppingSpreeTests@7fac631b]" test-instance-name="" name="testCapabilities" duration-ms="1979" started-at="2016-02-12T21:23:49Z" finished-at="2016-02-12T21:23:51Z">
          <params>
            <param index="0">
              <value>
                <![CDATA[IE]]>
              </value>
            </param>
          </params>
          <reporter-output>
          </reporter-output>
        </test-method> <!-- testCapabilities -->
        <test-method status="PASS" signature="afterMethod(org.testng.ITestResult)[pri:0, instance:com.example.selenium.spree.ShoppingSpreeTests@7fac631b]" test-instance-name="" name="afterMethod" is-config="true" duration-ms="698" started-at="2016-02-12T21:23:51Z" finished-at="2016-02-12T21:23:51Z">
          <params>
            <param index="0">
              <value>
                <![CDATA[[TestResult name="" status=SUCCESS method=ShoppingSpreeTests.testCapabilities(com.example.selenium.spree.DriverType)[pri:0, instance:com.example.selenium.spree.ShoppingSpreeTests@7fac631b] output={null}]]]>
              </value>
            </param>
          </params>
          <reporter-output>
          </reporter-output>
        </test-method> <!-- afterMethod -->
        <test-method status="PASS" signature="testCapabilities(com.example.selenium.spree.DriverType)[pri:0, instance:com.example.selenium.spree.ShoppingSpreeTests@7fac631b]" test-instance-name="" name="testCapabilities" duration-ms="1806" started-at="2016-02-12T21:23:51Z" finished-at="2016-02-12T21:23:53Z">
          <params>
            <param index="0">
              <value>
                <![CDATA[Firefox]]>
              </value>
            </param>
          </params>
          <reporter-output>
          </reporter-output>
        </test-method> <!-- testCapabilities -->
        <test-method status="PASS" signature="afterMethod(org.testng.ITestResult)[pri:0, instance:com.example.selenium.spree.ShoppingSpreeTests@7fac631b]" test-instance-name="" name="afterMethod" is-config="true" duration-ms="251" started-at="2016-02-12T21:23:53Z" finished-at="2016-02-12T21:23:53Z">
          <params>
            <param index="0">
              <value>
                <![CDATA[[TestResult name="" status=SUCCESS method=ShoppingSpreeTests.testCapabilities(com.example.selenium.spree.DriverType)[pri:0, instance:com.example.selenium.spree.ShoppingSpreeTests@7fac631b] output={null}]]]>
              </value>
            </param>
          </params>
          <reporter-output>
          </reporter-output>
        </test-method> <!-- afterMethod -->
        <test-method status="PASS" signature="testCapabilities(com.example.selenium.spree.DriverType)[pri:0, instance:com.example.selenium.spree.ShoppingSpreeTests@7fac631b]" test-instance-name="" name="testCapabilities" duration-ms="982" started-at="2016-02-12T21:23:53Z" finished-at="2016-02-12T21:23:54Z">
          <params>
            <param index="0">
              <value>
                <![CDATA[Chrome]]>
              </value>
            </param>
          </params>
          <reporter-output>
          </reporter-output>
        </test-method> <!-- testCapabilities -->
        <test-method status="PASS" signature="afterMethod(org.testng.ITestResult)[pri:0, instance:com.example.selenium.spree.ShoppingSpreeTests@7fac631b]" test-instance-name="" name="afterMethod" is-config="true" duration-ms="788" started-at="2016-02-12T21:23:54Z" finished-at="2016-02-12T21:23:55Z">
          <params>
            <param index="0">
              <value>
                <![CDATA[[TestResult name="" status=SUCCESS method=ShoppingSpreeTests.testCapabilities(com.example.selenium.spree.DriverType)[pri:0, instance:com.example.selenium.spree.ShoppingSpreeTests@7fac631b] output={null}]]]>
              </value>
            </param>
          </params>
          <reporter-output>
          </reporter-output>
        </test-method> <!-- afterMethod -->
        <test-method status="PASS" signature="testCartPageTitle(com.example.selenium.spree.DriverType)[pri:0, instance:com.example.selenium.spree.ShoppingSpreeTests@7fac631b]" test-instance-name="" name="testCartPageTitle" duration-ms="2422" started-at="2016-02-12T21:23:55Z" finished-at="2016-02-12T21:23:58Z">
          <params>
            <param index="0">
              <value>
                <![CDATA[IE]]>
              </value>
            </param>
          </params>
          <reporter-output>
          </reporter-output>
        </test-method> <!-- testCartPageTitle -->
        <test-method status="PASS" signature="afterMethod(org.testng.ITestResult)[pri:0, instance:com.example.selenium.spree.ShoppingSpreeTests@7fac631b]" test-instance-name="" name="afterMethod" is-config="true" duration-ms="1748" started-at="2016-02-12T21:23:58Z" finished-at="2016-02-12T21:23:59Z">
          <params>
            <param index="0">
              <value>
                <![CDATA[[TestResult name="" status=SUCCESS method=ShoppingSpreeTests.testCartPageTitle(com.example.selenium.spree.DriverType)[pri:0, instance:com.example.selenium.spree.ShoppingSpreeTests@7fac631b] output={null}]]]>
              </value>
            </param>
          </params>
          <reporter-output>
          </reporter-output>
        </test-method> <!-- afterMethod -->
        <test-method status="PASS" signature="testCartPageTitle(com.example.selenium.spree.DriverType)[pri:0, instance:com.example.selenium.spree.ShoppingSpreeTests@7fac631b]" test-instance-name="" name="testCartPageTitle" duration-ms="2367" started-at="2016-02-12T21:23:59Z" finished-at="2016-02-12T21:24:02Z">
          <params>
            <param index="0">
              <value>
                <![CDATA[Firefox]]>
              </value>
            </param>
          </params>
          <reporter-output>
          </reporter-output>
        </test-method> <!-- testCartPageTitle -->
        <test-method status="PASS" signature="afterMethod(org.testng.ITestResult)[pri:0, instance:com.example.selenium.spree.ShoppingSpreeTests@7fac631b]" test-instance-name="" name="afterMethod" is-config="true" duration-ms="251" started-at="2016-02-12T21:24:02Z" finished-at="2016-02-12T21:24:02Z">
          <params>
            <param index="0">
              <value>
                <![CDATA[[TestResult name="" status=SUCCESS method=ShoppingSpreeTests.testCartPageTitle(com.example.selenium.spree.DriverType)[pri:0, instance:com.example.selenium.spree.ShoppingSpreeTests@7fac631b] output={null}]]]>
              </value>
            </param>
          </params>
          <reporter-output>
          </reporter-output>
        </test-method> <!-- afterMethod -->
        <test-method status="PASS" signature="testCartPageTitle(com.example.selenium.spree.DriverType)[pri:0, instance:com.example.selenium.spree.ShoppingSpreeTests@7fac631b]" test-instance-name="" name="testCartPageTitle" duration-ms="2324" started-at="2016-02-12T21:24:02Z" finished-at="2016-02-12T21:24:04Z">
          <params>
            <param index="0">
              <value>
                <![CDATA[Chrome]]>
              </value>
            </param>
          </params>
          <reporter-output>
          </reporter-output>
        </test-method> <!-- testCartPageTitle -->
        <test-method status="PASS" signature="afterMethod(org.testng.ITestResult)[pri:0, instance:com.example.selenium.spree.ShoppingSpreeTests@7fac631b]" test-instance-name="" name="afterMethod" is-config="true" duration-ms="840" started-at="2016-02-12T21:24:04Z" finished-at="2016-02-12T21:24:05Z">
          <params>
            <param index="0">
              <value>
                <![CDATA[[TestResult name="" status=SUCCESS method=ShoppingSpreeTests.testCartPageTitle(com.example.selenium.spree.DriverType)[pri:0, instance:com.example.selenium.spree.ShoppingSpreeTests@7fac631b] output={null}]]]>
              </value>
            </param>
          </params>
          <reporter-output>
          </reporter-output>
        </test-method> <!-- afterMethod -->
        <test-method status="PASS" signature="testDepartmentCombo(com.example.selenium.spree.DriverType)[pri:0, instance:com.example.selenium.spree.ShoppingSpreeTests@7fac631b]" test-instance-name="" name="testDepartmentCombo" duration-ms="2802" started-at="2016-02-12T21:24:05Z" finished-at="2016-02-12T21:24:08Z">
          <params>
            <param index="0">
              <value>
                <![CDATA[IE]]>
              </value>
            </param>
          </params>
          <reporter-output>
          </reporter-output>
        </test-method> <!-- testDepartmentCombo -->
        <test-method status="PASS" signature="afterMethod(org.testng.ITestResult)[pri:0, instance:com.example.selenium.spree.ShoppingSpreeTests@7fac631b]" test-instance-name="" name="afterMethod" is-config="true" duration-ms="1775" started-at="2016-02-12T21:24:08Z" finished-at="2016-02-12T21:24:10Z">
          <params>
            <param index="0">
              <value>
                <![CDATA[[TestResult name="" status=SUCCESS method=ShoppingSpreeTests.testDepartmentCombo(com.example.selenium.spree.DriverType)[pri:0, instance:com.example.selenium.spree.ShoppingSpreeTests@7fac631b] output={null}]]]>
              </value>
            </param>
          </params>
          <reporter-output>
          </reporter-output>
        </test-method> <!-- afterMethod -->
        <test-method status="PASS" signature="testDepartmentCombo(com.example.selenium.spree.DriverType)[pri:0, instance:com.example.selenium.spree.ShoppingSpreeTests@7fac631b]" test-instance-name="" name="testDepartmentCombo" duration-ms="2594" started-at="2016-02-12T21:24:10Z" finished-at="2016-02-12T21:24:12Z">
          <params>
            <param index="0">
              <value>
                <![CDATA[Firefox]]>
              </value>
            </param>
          </params>
          <reporter-output>
          </reporter-output>
        </test-method> <!-- testDepartmentCombo -->
        <test-method status="PASS" signature="afterMethod(org.testng.ITestResult)[pri:0, instance:com.example.selenium.spree.ShoppingSpreeTests@7fac631b]" test-instance-name="" name="afterMethod" is-config="true" duration-ms="368" started-at="2016-02-12T21:24:12Z" finished-at="2016-02-12T21:24:13Z">
          <params>
            <param index="0">
              <value>
                <![CDATA[[TestResult name="" status=SUCCESS method=ShoppingSpreeTests.testDepartmentCombo(com.example.selenium.spree.DriverType)[pri:0, instance:com.example.selenium.spree.ShoppingSpreeTests@7fac631b] output={null}]]]>
              </value>
            </param>
          </params>
          <reporter-output>
          </reporter-output>
        </test-method> <!-- afterMethod -->
        <test-method status="PASS" signature="testDepartmentCombo(com.example.selenium.spree.DriverType)[pri:0, instance:com.example.selenium.spree.ShoppingSpreeTests@7fac631b]" test-instance-name="" name="testDepartmentCombo" duration-ms="2191" started-at="2016-02-12T21:24:13Z" finished-at="2016-02-12T21:24:15Z">
          <params>
            <param index="0">
              <value>
                <![CDATA[Chrome]]>
              </value>
            </param>
          </params>
          <reporter-output>
          </reporter-output>
        </test-method> <!-- testDepartmentCombo -->
        <test-method status="PASS" signature="afterMethod(org.testng.ITestResult)[pri:0, instance:com.example.selenium.spree.ShoppingSpreeTests@7fac631b]" test-instance-name="" name="afterMethod" is-config="true" duration-ms="864" started-at="2016-02-12T21:24:15Z" finished-at="2016-02-12T21:24:16Z">
          <params>
            <param index="0">
              <value>
                <![CDATA[[TestResult name="" status=SUCCESS method=ShoppingSpreeTests.testDepartmentCombo(com.example.selenium.spree.DriverType)[pri:0, instance:com.example.selenium.spree.ShoppingSpreeTests@7fac631b] output={null}]]]>
              </value>
            </param>
          </params>
          <reporter-output>
          </reporter-output>
        </test-method> <!-- afterMethod -->
        <test-method status="PASS" signature="testGetGoogleUrl(com.example.selenium.spree.DriverType)[pri:0, instance:com.example.selenium.spree.ShoppingSpreeTests@7fac631b]" test-instance-name="" name="testGetGoogleUrl" duration-ms="2697" started-at="2016-02-12T21:24:16Z" finished-at="2016-02-12T21:24:18Z">
          <params>
            <param index="0">
              <value>
                <![CDATA[IE]]>
              </value>
            </param>
          </params>
          <reporter-output>
          </reporter-output>
        </test-method> <!-- testGetGoogleUrl -->
        <test-method status="PASS" signature="afterMethod(org.testng.ITestResult)[pri:0, instance:com.example.selenium.spree.ShoppingSpreeTests@7fac631b]" test-instance-name="" name="afterMethod" is-config="true" duration-ms="697" started-at="2016-02-12T21:24:18Z" finished-at="2016-02-12T21:24:19Z">
          <params>
            <param index="0">
              <value>
                <![CDATA[[TestResult name="" status=SUCCESS method=ShoppingSpreeTests.testGetGoogleUrl(com.example.selenium.spree.DriverType)[pri:0, instance:com.example.selenium.spree.ShoppingSpreeTests@7fac631b] output={null}]]]>
              </value>
            </param>
          </params>
          <reporter-output>
          </reporter-output>
        </test-method> <!-- afterMethod -->
        <test-method status="PASS" signature="testGetGoogleUrl(com.example.selenium.spree.DriverType)[pri:0, instance:com.example.selenium.spree.ShoppingSpreeTests@7fac631b]" test-instance-name="" name="testGetGoogleUrl" duration-ms="3500" started-at="2016-02-12T21:24:19Z" finished-at="2016-02-12T21:24:23Z">
          <params>
            <param index="0">
              <value>
                <![CDATA[Firefox]]>
              </value>
            </param>
          </params>
          <reporter-output>
          </reporter-output>
        </test-method> <!-- testGetGoogleUrl -->
        <test-method status="PASS" signature="afterMethod(org.testng.ITestResult)[pri:0, instance:com.example.selenium.spree.ShoppingSpreeTests@7fac631b]" test-instance-name="" name="afterMethod" is-config="true" duration-ms="315" started-at="2016-02-12T21:24:23Z" finished-at="2016-02-12T21:24:23Z">
          <params>
            <param index="0">
              <value>
                <![CDATA[[TestResult name="" status=SUCCESS method=ShoppingSpreeTests.testGetGoogleUrl(com.example.selenium.spree.DriverType)[pri:0, instance:com.example.selenium.spree.ShoppingSpreeTests@7fac631b] output={null}]]]>
              </value>
            </param>
          </params>
          <reporter-output>
          </reporter-output>
        </test-method> <!-- afterMethod -->
        <test-method status="PASS" signature="testGetGoogleUrl(com.example.selenium.spree.DriverType)[pri:0, instance:com.example.selenium.spree.ShoppingSpreeTests@7fac631b]" test-instance-name="" name="testGetGoogleUrl" duration-ms="2927" started-at="2016-02-12T21:24:23Z" finished-at="2016-02-12T21:24:26Z">
          <params>
            <param index="0">
              <value>
                <![CDATA[Chrome]]>
              </value>
            </param>
          </params>
          <reporter-output>
          </reporter-output>
        </test-method> <!-- testGetGoogleUrl -->
        <test-method status="PASS" signature="afterMethod(org.testng.ITestResult)[pri:0, instance:com.example.selenium.spree.ShoppingSpreeTests@7fac631b]" test-instance-name="" name="afterMethod" is-config="true" duration-ms="848" started-at="2016-02-12T21:24:26Z" finished-at="2016-02-12T21:24:27Z">
          <params>
            <param index="0">
              <value>
                <![CDATA[[TestResult name="" status=SUCCESS method=ShoppingSpreeTests.testGetGoogleUrl(com.example.selenium.spree.DriverType)[pri:0, instance:com.example.selenium.spree.ShoppingSpreeTests@7fac631b] output={null}]]]>
              </value>
            </param>
          </params>
          <reporter-output>
          </reporter-output>
        </test-method> <!-- afterMethod -->
        <test-method status="PASS" signature="testHomePageTitle(com.example.selenium.spree.DriverType)[pri:0, instance:com.example.selenium.spree.ShoppingSpreeTests@7fac631b]" test-instance-name="" name="testHomePageTitle" duration-ms="2415" started-at="2016-02-12T21:24:27Z" finished-at="2016-02-12T21:24:29Z">
          <params>
            <param index="0">
              <value>
                <![CDATA[IE]]>
              </value>
            </param>
          </params>
          <reporter-output>
          </reporter-output>
        </test-method> <!-- testHomePageTitle -->
        <test-method status="PASS" signature="afterMethod(org.testng.ITestResult)[pri:0, instance:com.example.selenium.spree.ShoppingSpreeTests@7fac631b]" test-instance-name="" name="afterMethod" is-config="true" duration-ms="1722" started-at="2016-02-12T21:24:29Z" finished-at="2016-02-12T21:24:31Z">
          <params>
            <param index="0">
              <value>
                <![CDATA[[TestResult name="" status=SUCCESS method=ShoppingSpreeTests.testHomePageTitle(com.example.selenium.spree.DriverType)[pri:0, instance:com.example.selenium.spree.ShoppingSpreeTests@7fac631b] output={null}]]]>
              </value>
            </param>
          </params>
          <reporter-output>
          </reporter-output>
        </test-method> <!-- afterMethod -->
        <test-method status="PASS" signature="testHomePageTitle(com.example.selenium.spree.DriverType)[pri:0, instance:com.example.selenium.spree.ShoppingSpreeTests@7fac631b]" test-instance-name="" name="testHomePageTitle" duration-ms="2411" started-at="2016-02-12T21:24:31Z" finished-at="2016-02-12T21:24:33Z">
          <params>
            <param index="0">
              <value>
                <![CDATA[Firefox]]>
              </value>
            </param>
          </params>
          <reporter-output>
          </reporter-output>
        </test-method> <!-- testHomePageTitle -->
        <test-method status="PASS" signature="afterMethod(org.testng.ITestResult)[pri:0, instance:com.example.selenium.spree.ShoppingSpreeTests@7fac631b]" test-instance-name="" name="afterMethod" is-config="true" duration-ms="398" started-at="2016-02-12T21:24:33Z" finished-at="2016-02-12T21:24:34Z">
          <params>
            <param index="0">
              <value>
                <![CDATA[[TestResult name="" status=SUCCESS method=ShoppingSpreeTests.testHomePageTitle(com.example.selenium.spree.DriverType)[pri:0, instance:com.example.selenium.spree.ShoppingSpreeTests@7fac631b] output={null}]]]>
              </value>
            </param>
          </params>
          <reporter-output>
          </reporter-output>
        </test-method> <!-- afterMethod -->
        <test-method status="PASS" signature="testHomePageTitle(com.example.selenium.spree.DriverType)[pri:0, instance:com.example.selenium.spree.ShoppingSpreeTests@7fac631b]" test-instance-name="" name="testHomePageTitle" duration-ms="2107" started-at="2016-02-12T21:24:34Z" finished-at="2016-02-12T21:24:36Z">
          <params>
            <param index="0">
              <value>
                <![CDATA[Chrome]]>
              </value>
            </param>
          </params>
          <reporter-output>
          </reporter-output>
        </test-method> <!-- testHomePageTitle -->
        <test-method status="PASS" signature="afterMethod(org.testng.ITestResult)[pri:0, instance:com.example.selenium.spree.ShoppingSpreeTests@7fac631b]" test-instance-name="" name="afterMethod" is-config="true" duration-ms="865" started-at="2016-02-12T21:24:36Z" finished-at="2016-02-12T21:24:37Z">
          <params>
            <param index="0">
              <value>
                <![CDATA[[TestResult name="" status=SUCCESS method=ShoppingSpreeTests.testHomePageTitle(com.example.selenium.spree.DriverType)[pri:0, instance:com.example.selenium.spree.ShoppingSpreeTests@7fac631b] output={null}]]]>
              </value>
            </param>
          </params>
          <reporter-output>
          </reporter-output>
        </test-method> <!-- afterMethod -->
        <test-method status="PASS" signature="testIeComments(com.example.selenium.spree.DriverType)[pri:0, instance:com.example.selenium.spree.ShoppingSpreeTests@7fac631b]" test-instance-name="" name="testIeComments" duration-ms="2440" started-at="2016-02-12T21:24:37Z" finished-at="2016-02-12T21:24:39Z">
          <params>
            <param index="0">
              <value>
                <![CDATA[IE]]>
              </value>
            </param>
          </params>
          <reporter-output>
          </reporter-output>
        </test-method> <!-- testIeComments -->
        <test-method status="PASS" signature="afterMethod(org.testng.ITestResult)[pri:0, instance:com.example.selenium.spree.ShoppingSpreeTests@7fac631b]" test-instance-name="" name="afterMethod" is-config="true" duration-ms="1766" started-at="2016-02-12T21:24:39Z" finished-at="2016-02-12T21:24:41Z">
          <params>
            <param index="0">
              <value>
                <![CDATA[[TestResult name="" status=SUCCESS method=ShoppingSpreeTests.testIeComments(com.example.selenium.spree.DriverType)[pri:0, instance:com.example.selenium.spree.ShoppingSpreeTests@7fac631b] output={null}]]]>
              </value>
            </param>
          </params>
          <reporter-output>
          </reporter-output>
        </test-method> <!-- afterMethod -->
        <test-method status="PASS" signature="testIeComments(com.example.selenium.spree.DriverType)[pri:0, instance:com.example.selenium.spree.ShoppingSpreeTests@7fac631b]" test-instance-name="" name="testIeComments" duration-ms="2442" started-at="2016-02-12T21:24:41Z" finished-at="2016-02-12T21:24:43Z">
          <params>
            <param index="0">
              <value>
                <![CDATA[Firefox]]>
              </value>
            </param>
          </params>
          <reporter-output>
          </reporter-output>
        </test-method> <!-- testIeComments -->
        <test-method status="PASS" signature="afterMethod(org.testng.ITestResult)[pri:0, instance:com.example.selenium.spree.ShoppingSpreeTests@7fac631b]" test-instance-name="" name="afterMethod" is-config="true" duration-ms="356" started-at="2016-02-12T21:24:43Z" finished-at="2016-02-12T21:24:44Z">
          <params>
            <param index="0">
              <value>
                <![CDATA[[TestResult name="" status=SUCCESS method=ShoppingSpreeTests.testIeComments(com.example.selenium.spree.DriverType)[pri:0, instance:com.example.selenium.spree.ShoppingSpreeTests@7fac631b] output={null}]]]>
              </value>
            </param>
          </params>
          <reporter-output>
          </reporter-output>
        </test-method> <!-- afterMethod -->
        <test-method status="PASS" signature="testIeComments(com.example.selenium.spree.DriverType)[pri:0, instance:com.example.selenium.spree.ShoppingSpreeTests@7fac631b]" test-instance-name="" name="testIeComments" duration-ms="2127" started-at="2016-02-12T21:24:44Z" finished-at="2016-02-12T21:24:46Z">
          <params>
            <param index="0">
              <value>
                <![CDATA[Chrome]]>
              </value>
            </param>
          </params>
          <reporter-output>
          </reporter-output>
        </test-method> <!-- testIeComments -->
        <test-method status="PASS" signature="afterMethod(org.testng.ITestResult)[pri:0, instance:com.example.selenium.spree.ShoppingSpreeTests@7fac631b]" test-instance-name="" name="afterMethod" is-config="true" duration-ms="880" started-at="2016-02-12T21:24:46Z" finished-at="2016-02-12T21:24:47Z">
          <params>
            <param index="0">
              <value>
                <![CDATA[[TestResult name="" status=SUCCESS method=ShoppingSpreeTests.testIeComments(com.example.selenium.spree.DriverType)[pri:0, instance:com.example.selenium.spree.ShoppingSpreeTests@7fac631b] output={null}]]]>
              </value>
            </param>
          </params>
          <reporter-output>
          </reporter-output>
        </test-method> <!-- afterMethod -->
        <test-method status="PASS" signature="testProductPageTitle(com.example.selenium.spree.DriverType)[pri:0, instance:com.example.selenium.spree.ShoppingSpreeTests@7fac631b]" test-instance-name="" name="testProductPageTitle" duration-ms="2421" started-at="2016-02-12T21:24:47Z" finished-at="2016-02-12T21:24:49Z">
          <params>
            <param index="0">
              <value>
                <![CDATA[IE]]>
              </value>
            </param>
          </params>
          <reporter-output>
          </reporter-output>
        </test-method> <!-- testProductPageTitle -->
        <test-method status="PASS" signature="afterMethod(org.testng.ITestResult)[pri:0, instance:com.example.selenium.spree.ShoppingSpreeTests@7fac631b]" test-instance-name="" name="afterMethod" is-config="true" duration-ms="1750" started-at="2016-02-12T21:24:49Z" finished-at="2016-02-12T21:24:51Z">
          <params>
            <param index="0">
              <value>
                <![CDATA[[TestResult name="" status=SUCCESS method=ShoppingSpreeTests.testProductPageTitle(com.example.selenium.spree.DriverType)[pri:0, instance:com.example.selenium.spree.ShoppingSpreeTests@7fac631b] output={null}]]]>
              </value>
            </param>
          </params>
          <reporter-output>
          </reporter-output>
        </test-method> <!-- afterMethod -->
        <test-method status="PASS" signature="testProductPageTitle(com.example.selenium.spree.DriverType)[pri:0, instance:com.example.selenium.spree.ShoppingSpreeTests@7fac631b]" test-instance-name="" name="testProductPageTitle" duration-ms="2432" started-at="2016-02-12T21:24:51Z" finished-at="2016-02-12T21:24:53Z">
          <params>
            <param index="0">
              <value>
                <![CDATA[Firefox]]>
              </value>
            </param>
          </params>
          <reporter-output>
          </reporter-output>
        </test-method> <!-- testProductPageTitle -->
        <test-method status="PASS" signature="afterMethod(org.testng.ITestResult)[pri:0, instance:com.example.selenium.spree.ShoppingSpreeTests@7fac631b]" test-instance-name="" name="afterMethod" is-config="true" duration-ms="290" started-at="2016-02-12T21:24:53Z" finished-at="2016-02-12T21:24:53Z">
          <params>
            <param index="0">
              <value>
                <![CDATA[[TestResult name="" status=SUCCESS method=ShoppingSpreeTests.testProductPageTitle(com.example.selenium.spree.DriverType)[pri:0, instance:com.example.selenium.spree.ShoppingSpreeTests@7fac631b] output={null}]]]>
              </value>
            </param>
          </params>
          <reporter-output>
          </reporter-output>
        </test-method> <!-- afterMethod -->
        <test-method status="PASS" signature="testProductPageTitle(com.example.selenium.spree.DriverType)[pri:0, instance:com.example.selenium.spree.ShoppingSpreeTests@7fac631b]" test-instance-name="" name="testProductPageTitle" duration-ms="2228" started-at="2016-02-12T21:24:53Z" finished-at="2016-02-12T21:24:56Z">
          <params>
            <param index="0">
              <value>
                <![CDATA[Chrome]]>
              </value>
            </param>
          </params>
          <reporter-output>
          </reporter-output>
        </test-method> <!-- testProductPageTitle -->
        <test-method status="PASS" signature="afterMethod(org.testng.ITestResult)[pri:0, instance:com.example.selenium.spree.ShoppingSpreeTests@7fac631b]" test-instance-name="" name="afterMethod" is-config="true" duration-ms="855" started-at="2016-02-12T21:24:56Z" finished-at="2016-02-12T21:24:57Z">
          <params>
            <param index="0">
              <value>
                <![CDATA[[TestResult name="" status=SUCCESS method=ShoppingSpreeTests.testProductPageTitle(com.example.selenium.spree.DriverType)[pri:0, instance:com.example.selenium.spree.ShoppingSpreeTests@7fac631b] output={null}]]]>
              </value>
            </param>
          </params>
          <reporter-output>
          </reporter-output>
        </test-method> <!-- afterMethod -->
        <test-method status="PASS" signature="testRefresh(com.example.selenium.spree.DriverType)[pri:0, instance:com.example.selenium.spree.ShoppingSpreeTests@7fac631b]" test-instance-name="" name="testRefresh" duration-ms="3258" started-at="2016-02-12T21:24:57Z" finished-at="2016-02-12T21:25:00Z">
          <params>
            <param index="0">
              <value>
                <![CDATA[IE]]>
              </value>
            </param>
          </params>
          <reporter-output>
          </reporter-output>
        </test-method> <!-- testRefresh -->
        <test-method status="PASS" signature="afterMethod(org.testng.ITestResult)[pri:0, instance:com.example.selenium.spree.ShoppingSpreeTests@7fac631b]" test-instance-name="" name="afterMethod" is-config="true" duration-ms="1731" started-at="2016-02-12T21:25:00Z" finished-at="2016-02-12T21:25:02Z">
          <params>
            <param index="0">
              <value>
                <![CDATA[[TestResult name="" status=SUCCESS method=ShoppingSpreeTests.testRefresh(com.example.selenium.spree.DriverType)[pri:0, instance:com.example.selenium.spree.ShoppingSpreeTests@7fac631b] output={null}]]]>
              </value>
            </param>
          </params>
          <reporter-output>
          </reporter-output>
        </test-method> <!-- afterMethod -->
        <test-method status="PASS" signature="testRefresh(com.example.selenium.spree.DriverType)[pri:0, instance:com.example.selenium.spree.ShoppingSpreeTests@7fac631b]" test-instance-name="" name="testRefresh" duration-ms="2711" started-at="2016-02-12T21:25:02Z" finished-at="2016-02-12T21:25:04Z">
          <params>
            <param index="0">
              <value>
                <![CDATA[Firefox]]>
              </value>
            </param>
          </params>
          <reporter-output>
          </reporter-output>
        </test-method> <!-- testRefresh -->
        <test-method status="PASS" signature="afterMethod(org.testng.ITestResult)[pri:0, instance:com.example.selenium.spree.ShoppingSpreeTests@7fac631b]" test-instance-name="" name="afterMethod" is-config="true" duration-ms="291" started-at="2016-02-12T21:25:04Z" finished-at="2016-02-12T21:25:05Z">
          <params>
            <param index="0">
              <value>
                <![CDATA[[TestResult name="" status=SUCCESS method=ShoppingSpreeTests.testRefresh(com.example.selenium.spree.DriverType)[pri:0, instance:com.example.selenium.spree.ShoppingSpreeTests@7fac631b] output={null}]]]>
              </value>
            </param>
          </params>
          <reporter-output>
          </reporter-output>
        </test-method> <!-- afterMethod -->
        <test-method status="PASS" signature="testRefresh(com.example.selenium.spree.DriverType)[pri:0, instance:com.example.selenium.spree.ShoppingSpreeTests@7fac631b]" test-instance-name="" name="testRefresh" duration-ms="2386" started-at="2016-02-12T21:25:05Z" finished-at="2016-02-12T21:25:07Z">
          <params>
            <param index="0">
              <value>
                <![CDATA[Chrome]]>
              </value>
            </param>
          </params>
          <reporter-output>
          </reporter-output>
        </test-method> <!-- testRefresh -->
        <test-method status="PASS" signature="afterMethod(org.testng.ITestResult)[pri:0, instance:com.example.selenium.spree.ShoppingSpreeTests@7fac631b]" test-instance-name="" name="afterMethod" is-config="true" duration-ms="858" started-at="2016-02-12T21:25:07Z" finished-at="2016-02-12T21:25:08Z">
          <params>
            <param index="0">
              <value>
                <![CDATA[[TestResult name="" status=SUCCESS method=ShoppingSpreeTests.testRefresh(com.example.selenium.spree.DriverType)[pri:0, instance:com.example.selenium.spree.ShoppingSpreeTests@7fac631b] output={null}]]]>
              </value>
            </param>
          </params>
          <reporter-output>
          </reporter-output>
        </test-method> <!-- afterMethod -->
        <test-method status="PASS" signature="testSearchSpree(com.example.selenium.spree.DriverType)[pri:0, instance:com.example.selenium.spree.ShoppingSpreeTests@7fac631b]" test-instance-name="" name="testSearchSpree" duration-ms="11012" started-at="2016-02-12T21:25:08Z" finished-at="2016-02-12T21:25:19Z">
          <params>
            <param index="0">
              <value>
                <![CDATA[IE]]>
              </value>
            </param>
          </params>
          <reporter-output>
          </reporter-output>
        </test-method> <!-- testSearchSpree -->
        <test-method status="PASS" signature="afterMethod(org.testng.ITestResult)[pri:0, instance:com.example.selenium.spree.ShoppingSpreeTests@7fac631b]" test-instance-name="" name="afterMethod" is-config="true" duration-ms="1794" started-at="2016-02-12T21:25:19Z" finished-at="2016-02-12T21:25:21Z">
          <params>
            <param index="0">
              <value>
                <![CDATA[[TestResult name="" status=SUCCESS method=ShoppingSpreeTests.testSearchSpree(com.example.selenium.spree.DriverType)[pri:0, instance:com.example.selenium.spree.ShoppingSpreeTests@7fac631b] output={null}]]]>
              </value>
            </param>
          </params>
          <reporter-output>
          </reporter-output>
        </test-method> <!-- afterMethod -->
        <test-method status="PASS" signature="testSearchSpree(com.example.selenium.spree.DriverType)[pri:0, instance:com.example.selenium.spree.ShoppingSpreeTests@7fac631b]" test-instance-name="" name="testSearchSpree" duration-ms="8149" started-at="2016-02-12T21:25:21Z" finished-at="2016-02-12T21:25:29Z">
          <params>
            <param index="0">
              <value>
                <![CDATA[Firefox]]>
              </value>
            </param>
          </params>
          <reporter-output>
          </reporter-output>
        </test-method> <!-- testSearchSpree -->
        <test-method status="PASS" signature="afterMethod(org.testng.ITestResult)[pri:0, instance:com.example.selenium.spree.ShoppingSpreeTests@7fac631b]" test-instance-name="" name="afterMethod" is-config="true" duration-ms="423" started-at="2016-02-12T21:25:29Z" finished-at="2016-02-12T21:25:29Z">
          <params>
            <param index="0">
              <value>
                <![CDATA[[TestResult name="" status=SUCCESS method=ShoppingSpreeTests.testSearchSpree(com.example.selenium.spree.DriverType)[pri:0, instance:com.example.selenium.spree.ShoppingSpreeTests@7fac631b] output={null}]]]>
              </value>
            </param>
          </params>
          <reporter-output>
          </reporter-output>
        </test-method> <!-- afterMethod -->
        <test-method status="PASS" signature="testSearchSpree(com.example.selenium.spree.DriverType)[pri:0, instance:com.example.selenium.spree.ShoppingSpreeTests@7fac631b]" test-instance-name="" name="testSearchSpree" duration-ms="7806" started-at="2016-02-12T21:25:29Z" finished-at="2016-02-12T21:25:37Z">
          <params>
            <param index="0">
              <value>
                <![CDATA[Chrome]]>
              </value>
            </param>
          </params>
          <reporter-output>
          </reporter-output>
        </test-method> <!-- testSearchSpree -->
        <test-method status="PASS" signature="afterMethod(org.testng.ITestResult)[pri:0, instance:com.example.selenium.spree.ShoppingSpreeTests@7fac631b]" test-instance-name="" name="afterMethod" is-config="true" duration-ms="846" started-at="2016-02-12T21:25:37Z" finished-at="2016-02-12T21:25:38Z">
          <params>
            <param index="0">
              <value>
                <![CDATA[[TestResult name="" status=SUCCESS method=ShoppingSpreeTests.testSearchSpree(com.example.selenium.spree.DriverType)[pri:0, instance:com.example.selenium.spree.ShoppingSpreeTests@7fac631b] output={null}]]]>
              </value>
            </param>
          </params>
          <reporter-output>
          </reporter-output>
        </test-method> <!-- afterMethod -->
      </class> <!-- com.example.selenium.spree.ShoppingSpreeTests -->
    </test> <!-- Default test -->
  </suite> <!-- Default suite -->
</testng-results>
